<html>
<body>
<pre>
<h1>Vision Build Log</h1>
<h2>Project:</h2>
C:\Users\Seule\Desktop\可编程智能手表\智能手表KEIL_u4\smartwatch.uvproj
Project File Date:  10/20/2018

<h2>Output:</h2>
Build target '目标 1'
assembling STARTUP.A51...
compiling key.c...
KEY_C\KEY.C(18): error C141: syntax error near ''
compiling oled.c...
compiling main.c...
compiling delay.c...
compiling clock.c...
目标未创建
Build target '目标 1'
assembling STARTUP.A51...
compiling key.c...
KEY_C\KEY.C(19): warning C291: not every exit path returns a value
compiling oled.c...
compiling main.c...
compiling delay.c...
compiling clock.c...
linking...
*** WARNING L16: UNCALLED SEGMENT, IGNORED FOR OVERLAY PROCESS
    SEGMENT: ?PR?_KEY_CHECK?KEY
*** WARNING L16: UNCALLED SEGMENT, IGNORED FOR OVERLAY PROCESS
    SEGMENT: ?PR?_OLED_SHOWNUM?OLED
*** WARNING L16: UNCALLED SEGMENT, IGNORED FOR OVERLAY PROCESS
    SEGMENT: ?PR?_OLED_SHOWCHINESE?OLED
*** WARNING L16: UNCALLED SEGMENT, IGNORED FOR OVERLAY PROCESS
    SEGMENT: ?PR?DELAY10US?DELAY
Program Size: data=123.0 xdata=0 code=6566
creating hex file from "smartwatch"...
"smartwatch" - 0 Error(s), 5 Warning(s).
Build target '目标 1'
assembling STARTUP.A51...
compiling key.c...
KEY_C\KEY.C(19): warning C291: not every exit path returns a value
compiling oled.c...
compiling main.c...
compiling delay.c...
compiling clock.c...
linking...
*** WARNING L16: UNCALLED SEGMENT, IGNORED FOR OVERLAY PROCESS
    SEGMENT: ?PR?_KEY_CHECK?KEY
*** WARNING L16: UNCALLED SEGMENT, IGNORED FOR OVERLAY PROCESS
    SEGMENT: ?PR?_OLED_SHOWNUM?OLED
*** WARNING L16: UNCALLED SEGMENT, IGNORED FOR OVERLAY PROCESS
    SEGMENT: ?PR?_OLED_SHOWCHINESE?OLED
*** WARNING L16: UNCALLED SEGMENT, IGNORED FOR OVERLAY PROCESS
    SEGMENT: ?PR?DELAY10US?DELAY
Program Size: data=126.0 xdata=0 code=6566
creating hex file from "smartwatch"...
"smartwatch" - 0 Error(s), 5 Warning(s).
Build target '目标 1'
assembling STARTUP.A51...
compiling key.c...
KEY_C\KEY.C(19): warning C291: not every exit path returns a value
compiling oled.c...
compiling main.c...
compiling delay.c...
compiling clock.c...
linking...
*** WARNING L16: UNCALLED SEGMENT, IGNORED FOR OVERLAY PROCESS
    SEGMENT: ?PR?_KEY_CHECK?KEY
*** WARNING L16: UNCALLED SEGMENT, IGNORED FOR OVERLAY PROCESS
    SEGMENT: ?PR?_OLED_SHOWNUM?OLED
*** WARNING L16: UNCALLED SEGMENT, IGNORED FOR OVERLAY PROCESS
    SEGMENT: ?PR?_OLED_SHOWCHINESE?OLED
*** WARNING L16: UNCALLED SEGMENT, IGNORED FOR OVERLAY PROCESS
    SEGMENT: ?PR?DELAY10US?DELAY
Program Size: data=126.0 xdata=0 code=6566
creating hex file from "smartwatch"...
"smartwatch" - 0 Error(s), 5 Warning(s).
Build target '目标 1'
assembling STARTUP.A51...
compiling key.c...
KEY_C\KEY.C(19): warning C291: not every exit path returns a value
compiling oled.c...
compiling main.c...
MAIN.C(57): warning C206: 'key_check': missing function-prototype
MAIN.C(57): error C267: 'key_check': requires ANSI-style prototype
MAIN.C(58): error C141: syntax error near ')'
MAIN.C(63): error C141: syntax error near '}'
compiling delay.c...
compiling clock.c...
目标未创建
Build target '目标 1'
assembling STARTUP.A51...
compiling key.c...
KEY_C\KEY.C(19): warning C291: not every exit path returns a value
compiling oled.c...
compiling main.c...
MAIN.C(59): error C141: syntax error near ')'
MAIN.C(64): error C141: syntax error near '}'
compiling delay.c...
compiling clock.c...
目标未创建
Build target '目标 1'
assembling STARTUP.A51...
compiling key.c...
KEY_C\KEY.C(19): warning C291: not every exit path returns a value
compiling oled.c...
compiling main.c...
MAIN.C(63): error C141: syntax error near '}'
compiling delay.c...
compiling clock.c...
目标未创建
Build target '目标 1'
assembling STARTUP.A51...
compiling key.c...
KEY_C\KEY.C(19): warning C291: not every exit path returns a value
compiling oled.c...
compiling main.c...
MAIN.C(64): error C141: syntax error near '}'
compiling delay.c...
compiling clock.c...
目标未创建
